This file contains any messages produced by compilers while
running configure, to aid debugging if configure makes a mistake.

It was created by pure-thermal-examples configure 1.0, which was
generated by GNU Autoconf 2.69.  Invocation command line was

  $ ./configure 

## --------- ##
## Platform. ##
## --------- ##

hostname = colson-N552VW
uname -m = x86_64
uname -r = 5.4.0-53-generic
uname -s = Linux
uname -v = #59~18.04.1-Ubuntu SMP Wed Oct 21 12:14:56 UTC 2020

/usr/bin/uname -p = unknown
/bin/uname -X     = unknown

/bin/arch              = unknown
/usr/bin/arch -k       = unknown
/usr/convex/getsysinfo = unknown
/usr/bin/hostinfo      = unknown
/bin/machine           = unknown
/usr/bin/oslevel       = unknown
/bin/universe          = unknown

PATH: /opt/ros/melodic/bin
PATH: /usr/texbin
PATH: /home/colson/.local/bin
PATH: /usr/local/sbin
PATH: /usr/local/bin
PATH: /usr/sbin
PATH: /usr/bin
PATH: /sbin
PATH: /bin
PATH: /usr/games
PATH: /usr/local/games
PATH: /snap/bin


## ----------- ##
## Core tests. ##
## ----------- ##

configure:2398: checking whether make supports nested variables
configure:2415: result: yes
configure:2476: checking for a BSD-compatible install
configure:2544: result: /usr/bin/install -c
configure:2555: checking whether build environment is sane
configure:2610: result: yes
configure:2761: checking for a thread-safe mkdir -p
configure:2800: result: /bin/mkdir -p
configure:2807: checking for gawk
configure:2837: result: no
configure:2807: checking for mawk
configure:2823: found /usr/bin/mawk
configure:2834: result: mawk
configure:2845: checking whether make sets $(MAKE)
configure:2867: result: yes
configure:3040: checking for gcc
configure:3056: found /usr/bin/gcc
configure:3067: result: gcc
configure:3296: checking for C compiler version
configure:3305: gcc --version >&5
gcc (Ubuntu 7.5.0-3ubuntu1~18.04) 7.5.0
Copyright (C) 2017 Free Software Foundation, Inc.
This is free software; see the source for copying conditions.  There is NO
warranty; not even for MERCHANTABILITY or FITNESS FOR A PARTICULAR PURPOSE.

configure:3316: $? = 0
configure:3305: gcc -v >&5
Using built-in specs.
COLLECT_GCC=gcc
COLLECT_LTO_WRAPPER=/usr/lib/gcc/x86_64-linux-gnu/7/lto-wrapper
OFFLOAD_TARGET_NAMES=nvptx-none
OFFLOAD_TARGET_DEFAULT=1
Target: x86_64-linux-gnu
Configured with: ../src/configure -v --with-pkgversion='Ubuntu 7.5.0-3ubuntu1~18.04' --with-bugurl=file:///usr/share/doc/gcc-7/README.Bugs --enable-languages=c,ada,c++,go,brig,d,fortran,objc,obj-c++ --prefix=/usr --with-gcc-major-version-only --program-suffix=-7 --program-prefix=x86_64-linux-gnu- --enable-shared --enable-linker-build-id --libexecdir=/usr/lib --without-included-gettext --enable-threads=posix --libdir=/usr/lib --enable-nls --enable-bootstrap --enable-clocale=gnu --enable-libstdcxx-debug --enable-libstdcxx-time=yes --with-default-libstdcxx-abi=new --enable-gnu-unique-object --disable-vtable-verify --enable-libmpx --enable-plugin --enable-default-pie --with-system-zlib --with-target-system-zlib --enable-objc-gc=auto --enable-multiarch --disable-werror --with-arch-32=i686 --with-abi=m64 --with-multilib-list=m32,m64,mx32 --enable-multilib --with-tune=generic --enable-offload-targets=nvptx-none --without-cuda-driver --enable-checking=release --build=x86_64-linux-gnu --host=x86_64-linux-gnu --target=x86_64-linux-gnu
Thread model: posix
gcc version 7.5.0 (Ubuntu 7.5.0-3ubuntu1~18.04) 
configure:3316: $? = 0
configure:3305: gcc -V >&5
gcc: error: unrecognized command line option '-V'
gcc: fatal error: no input files
compilation terminated.
configure:3316: $? = 1
configure:3305: gcc -qversion >&5
gcc: error: unrecognized command line option '-qversion'; did you mean '--version'?
gcc: fatal error: no input files
compilation terminated.
configure:3316: $? = 1
configure:3336: checking whether the C compiler works
configure:3358: gcc    conftest.c  >&5
configure:3362: $? = 0
configure:3410: result: yes
configure:3413: checking for C compiler default output file name
configure:3415: result: a.out
configure:3421: checking for suffix of executables
configure:3428: gcc -o conftest    conftest.c  >&5
configure:3432: $? = 0
configure:3454: result: 
configure:3476: checking whether we are cross compiling
configure:3484: gcc -o conftest    conftest.c  >&5
configure:3488: $? = 0
configure:3495: ./conftest
configure:3499: $? = 0
configure:3514: result: no
configure:3519: checking for suffix of object files
configure:3541: gcc -c   conftest.c >&5
configure:3545: $? = 0
configure:3566: result: o
configure:3570: checking whether we are using the GNU C compiler
configure:3589: gcc -c   conftest.c >&5
configure:3589: $? = 0
configure:3598: result: yes
configure:3607: checking whether gcc accepts -g
configure:3627: gcc -c -g  conftest.c >&5
configure:3627: $? = 0
configure:3668: result: yes
configure:3685: checking for gcc option to accept ISO C89
configure:3748: gcc  -c -g -O2  conftest.c >&5
configure:3748: $? = 0
configure:3761: result: none needed
configure:3786: checking whether gcc understands -c and -o together
configure:3808: gcc -c conftest.c -o conftest2.o
configure:3811: $? = 0
configure:3808: gcc -c conftest.c -o conftest2.o
configure:3811: $? = 0
configure:3823: result: yes
configure:3851: checking for style of include used by make
configure:3879: result: GNU
configure:3905: checking dependency style of gcc
configure:4016: result: gcc3
configure:4090: checking for g++
configure:4106: found /usr/bin/g++
configure:4117: result: g++
configure:4144: checking for C++ compiler version
configure:4153: g++ --version >&5
g++ (Ubuntu 7.5.0-3ubuntu1~18.04) 7.5.0
Copyright (C) 2017 Free Software Foundation, Inc.
This is free software; see the source for copying conditions.  There is NO
warranty; not even for MERCHANTABILITY or FITNESS FOR A PARTICULAR PURPOSE.

configure:4164: $? = 0
configure:4153: g++ -v >&5
Using built-in specs.
COLLECT_GCC=g++
COLLECT_LTO_WRAPPER=/usr/lib/gcc/x86_64-linux-gnu/7/lto-wrapper
OFFLOAD_TARGET_NAMES=nvptx-none
OFFLOAD_TARGET_DEFAULT=1
Target: x86_64-linux-gnu
Configured with: ../src/configure -v --with-pkgversion='Ubuntu 7.5.0-3ubuntu1~18.04' --with-bugurl=file:///usr/share/doc/gcc-7/README.Bugs --enable-languages=c,ada,c++,go,brig,d,fortran,objc,obj-c++ --prefix=/usr --with-gcc-major-version-only --program-suffix=-7 --program-prefix=x86_64-linux-gnu- --enable-shared --enable-linker-build-id --libexecdir=/usr/lib --without-included-gettext --enable-threads=posix --libdir=/usr/lib --enable-nls --enable-bootstrap --enable-clocale=gnu --enable-libstdcxx-debug --enable-libstdcxx-time=yes --with-default-libstdcxx-abi=new --enable-gnu-unique-object --disable-vtable-verify --enable-libmpx --enable-plugin --enable-default-pie --with-system-zlib --with-target-system-zlib --enable-objc-gc=auto --enable-multiarch --disable-werror --with-arch-32=i686 --with-abi=m64 --with-multilib-list=m32,m64,mx32 --enable-multilib --with-tune=generic --enable-offload-targets=nvptx-none --without-cuda-driver --enable-checking=release --build=x86_64-linux-gnu --host=x86_64-linux-gnu --target=x86_64-linux-gnu
Thread model: posix
gcc version 7.5.0 (Ubuntu 7.5.0-3ubuntu1~18.04) 
configure:4164: $? = 0
configure:4153: g++ -V >&5
g++: error: unrecognized command line option '-V'
g++: fatal error: no input files
compilation terminated.
configure:4164: $? = 1
configure:4153: g++ -qversion >&5
g++: error: unrecognized command line option '-qversion'; did you mean '--version'?
g++: fatal error: no input files
compilation terminated.
configure:4164: $? = 1
configure:4168: checking whether we are using the GNU C++ compiler
configure:4187: g++ -c   conftest.cpp >&5
configure:4187: $? = 0
configure:4196: result: yes
configure:4205: checking whether g++ accepts -g
configure:4225: g++ -c -g  conftest.cpp >&5
configure:4225: $? = 0
configure:4266: result: yes
configure:4291: checking dependency style of g++
configure:4402: result: gcc3
configure:4446: checking build system type
configure:4460: result: x86_64-pc-linux-gnu
configure:4480: checking host system type
configure:4493: result: x86_64-pc-linux-gnu
configure:4534: checking how to print strings
configure:4561: result: printf
configure:4582: checking for a sed that does not truncate output
configure:4646: result: /bin/sed
configure:4664: checking for grep that handles long lines and -e
configure:4722: result: /bin/grep
configure:4727: checking for egrep
configure:4789: result: /bin/grep -E
configure:4794: checking for fgrep
configure:4856: result: /bin/grep -F
configure:4891: checking for ld used by gcc
configure:4958: result: /usr/bin/ld
configure:4965: checking if the linker (/usr/bin/ld) is GNU ld
configure:4980: result: yes
configure:4992: checking for BSD- or MS-compatible name lister (nm)
configure:5046: result: /usr/bin/nm -B
configure:5176: checking the name lister (/usr/bin/nm -B) interface
configure:5183: gcc -c -g -O2  conftest.c >&5
configure:5186: /usr/bin/nm -B "conftest.o"
configure:5189: output
0000000000000000 B some_variable
configure:5196: result: BSD nm
configure:5199: checking whether ln -s works
configure:5203: result: yes
configure:5211: checking the maximum length of command line arguments
configure:5342: result: 1572864
configure:5390: checking how to convert x86_64-pc-linux-gnu file names to x86_64-pc-linux-gnu format
configure:5430: result: func_convert_file_noop
configure:5437: checking how to convert x86_64-pc-linux-gnu file names to toolchain format
configure:5457: result: func_convert_file_noop
configure:5464: checking for /usr/bin/ld option to reload object files
configure:5471: result: -r
configure:5545: checking for objdump
configure:5561: found /usr/bin/objdump
configure:5572: result: objdump
configure:5604: checking how to recognize dependent libraries
configure:5804: result: pass_all
configure:5889: checking for dlltool
configure:5919: result: no
configure:5949: checking how to associate runtime and link libraries
configure:5976: result: printf %s\n
configure:6037: checking for ar
configure:6053: found /usr/bin/ar
configure:6064: result: ar
configure:6101: checking for archiver @FILE support
configure:6118: gcc -c -g -O2  conftest.c >&5
configure:6118: $? = 0
configure:6121: ar cru libconftest.a @conftest.lst >&5
ar: `u' modifier ignored since `D' is the default (see `U')
configure:6124: $? = 0
configure:6129: ar cru libconftest.a @conftest.lst >&5
ar: `u' modifier ignored since `D' is the default (see `U')
ar: conftest.o: No such file or directory
configure:6132: $? = 1
configure:6144: result: @
configure:6202: checking for strip
configure:6218: found /usr/bin/strip
configure:6229: result: strip
configure:6301: checking for ranlib
configure:6317: found /usr/bin/ranlib
configure:6328: result: ranlib
configure:6430: checking command to parse /usr/bin/nm -B output from gcc object
configure:6583: gcc -c -g -O2  conftest.c >&5
configure:6586: $? = 0
configure:6590: /usr/bin/nm -B conftest.o \| sed -n -e 's/^.*[ ]\([ABCDGIRSTW][ABCDGIRSTW]*\)[ ][ ]*\([_A-Za-z][_A-Za-z0-9]*\)$/\1 \2 \2/p' | sed '/ __gnu_lto/d' \> conftest.nm
configure:6593: $? = 0
configure:6659: gcc -o conftest -g -O2   conftest.c conftstm.o >&5
configure:6662: $? = 0
configure:6700: result: ok
configure:6747: checking for sysroot
configure:6777: result: no
configure:6784: checking for a working dd
configure:6822: result: /bin/dd
configure:6826: checking how to truncate binary pipes
configure:6841: result: /bin/dd bs=4096 count=1
configure:6977: gcc -c -g -O2  conftest.c >&5
configure:6980: $? = 0
configure:7170: checking for mt
configure:7186: found /bin/mt
configure:7197: result: mt
configure:7220: checking if mt is a manifest tool
configure:7226: mt '-?'
configure:7234: result: no
configure:7911: checking how to run the C preprocessor
configure:7942: gcc -E  conftest.c
configure:7942: $? = 0
configure:7956: gcc -E  conftest.c
conftest.c:9:10: fatal error: ac_nonexistent.h: No such file or directory
 #include <ac_nonexistent.h>
          ^~~~~~~~~~~~~~~~~~
compilation terminated.
configure:7956: $? = 1
configure: failed program was:
| /* confdefs.h */
| #define PACKAGE_NAME "pure-thermal-examples"
| #define PACKAGE_TARNAME "pure-thermal-examples"
| #define PACKAGE_VERSION "1.0"
| #define PACKAGE_STRING "pure-thermal-examples 1.0"
| #define PACKAGE_BUGREPORT "labs@groupgets.com"
| #define PACKAGE_URL ""
| /* end confdefs.h.  */
| #include <ac_nonexistent.h>
configure:7981: result: gcc -E
configure:8001: gcc -E  conftest.c
configure:8001: $? = 0
configure:8015: gcc -E  conftest.c
conftest.c:9:10: fatal error: ac_nonexistent.h: No such file or directory
 #include <ac_nonexistent.h>
          ^~~~~~~~~~~~~~~~~~
compilation terminated.
configure:8015: $? = 1
configure: failed program was:
| /* confdefs.h */
| #define PACKAGE_NAME "pure-thermal-examples"
| #define PACKAGE_TARNAME "pure-thermal-examples"
| #define PACKAGE_VERSION "1.0"
| #define PACKAGE_STRING "pure-thermal-examples 1.0"
| #define PACKAGE_BUGREPORT "labs@groupgets.com"
| #define PACKAGE_URL ""
| /* end confdefs.h.  */
| #include <ac_nonexistent.h>
configure:8044: checking for ANSI C header files
configure:8064: gcc -c -g -O2  conftest.c >&5
configure:8064: $? = 0
configure:8137: gcc -o conftest -g -O2   conftest.c  >&5
configure:8137: $? = 0
configure:8137: ./conftest
configure:8137: $? = 0
configure:8148: result: yes
configure:8161: checking for sys/types.h
configure:8161: gcc -c -g -O2  conftest.c >&5
configure:8161: $? = 0
configure:8161: result: yes
configure:8161: checking for sys/stat.h
configure:8161: gcc -c -g -O2  conftest.c >&5
configure:8161: $? = 0
configure:8161: result: yes
configure:8161: checking for stdlib.h
configure:8161: gcc -c -g -O2  conftest.c >&5
configure:8161: $? = 0
configure:8161: result: yes
configure:8161: checking for string.h
configure:8161: gcc -c -g -O2  conftest.c >&5
configure:8161: $? = 0
configure:8161: result: yes
configure:8161: checking for memory.h
configure:8161: gcc -c -g -O2  conftest.c >&5
configure:8161: $? = 0
configure:8161: result: yes
configure:8161: checking for strings.h
configure:8161: gcc -c -g -O2  conftest.c >&5
configure:8161: $? = 0
configure:8161: result: yes
configure:8161: checking for inttypes.h
configure:8161: gcc -c -g -O2  conftest.c >&5
configure:8161: $? = 0
configure:8161: result: yes
configure:8161: checking for stdint.h
configure:8161: gcc -c -g -O2  conftest.c >&5
configure:8161: $? = 0
configure:8161: result: yes
configure:8161: checking for unistd.h
configure:8161: gcc -c -g -O2  conftest.c >&5
configure:8161: $? = 0
configure:8161: result: yes
configure:8175: checking for dlfcn.h
configure:8175: gcc -c -g -O2  conftest.c >&5
configure:8175: $? = 0
configure:8175: result: yes
configure:8442: checking for objdir
configure:8457: result: .libs
configure:8721: checking if gcc supports -fno-rtti -fno-exceptions
configure:8739: gcc -c -g -O2  -fno-rtti -fno-exceptions conftest.c >&5
cc1: warning: command line option '-fno-rtti' is valid for C++/ObjC++ but not for C
configure:8743: $? = 0
configure:8756: result: no
configure:9114: checking for gcc option to produce PIC
configure:9121: result: -fPIC -DPIC
configure:9129: checking if gcc PIC flag -fPIC -DPIC works
configure:9147: gcc -c -g -O2  -fPIC -DPIC -DPIC conftest.c >&5
configure:9151: $? = 0
configure:9164: result: yes
configure:9193: checking if gcc static flag -static works
configure:9221: result: yes
configure:9236: checking if gcc supports -c -o file.o
configure:9257: gcc -c -g -O2  -o out/conftest2.o conftest.c >&5
configure:9261: $? = 0
configure:9283: result: yes
configure:9291: checking if gcc supports -c -o file.o
configure:9338: result: yes
configure:9371: checking whether the gcc linker (/usr/bin/ld -m elf_x86_64) supports shared libraries
configure:10634: result: yes
configure:10671: checking whether -lc should be explicitly linked in
configure:10679: gcc -c -g -O2  conftest.c >&5
configure:10682: $? = 0
configure:10697: gcc -shared  -fPIC -DPIC conftest.o  -v -Wl,-soname -Wl,conftest -o conftest 2\>\&1 \| /bin/grep  -lc  \>/dev/null 2\>\&1
configure:10700: $? = 0
configure:10714: result: no
configure:10874: checking dynamic linker characteristics
configure:11455: gcc -o conftest -g -O2   -Wl,-rpath -Wl,/foo conftest.c  >&5
configure:11455: $? = 0
configure:11704: result: GNU/Linux ld.so
configure:11826: checking how to hardcode library paths into programs
configure:11851: result: immediate
configure:12399: checking whether stripping libraries is possible
configure:12404: result: yes
configure:12439: checking if libtool supports shared libraries
configure:12441: result: yes
configure:12444: checking whether to build shared libraries
configure:12469: result: yes
configure:12472: checking whether to build static libraries
configure:12476: result: yes
configure:12499: checking how to run the C++ preprocessor
configure:12526: g++ -E  conftest.cpp
configure:12526: $? = 0
configure:12540: g++ -E  conftest.cpp
conftest.cpp:21:10: fatal error: ac_nonexistent.h: No such file or directory
 #include <ac_nonexistent.h>
          ^~~~~~~~~~~~~~~~~~
compilation terminated.
configure:12540: $? = 1
configure: failed program was:
| /* confdefs.h */
| #define PACKAGE_NAME "pure-thermal-examples"
| #define PACKAGE_TARNAME "pure-thermal-examples"
| #define PACKAGE_VERSION "1.0"
| #define PACKAGE_STRING "pure-thermal-examples 1.0"
| #define PACKAGE_BUGREPORT "labs@groupgets.com"
| #define PACKAGE_URL ""
| #define STDC_HEADERS 1
| #define HAVE_SYS_TYPES_H 1
| #define HAVE_SYS_STAT_H 1
| #define HAVE_STDLIB_H 1
| #define HAVE_STRING_H 1
| #define HAVE_MEMORY_H 1
| #define HAVE_STRINGS_H 1
| #define HAVE_INTTYPES_H 1
| #define HAVE_STDINT_H 1
| #define HAVE_UNISTD_H 1
| #define HAVE_DLFCN_H 1
| #define LT_OBJDIR ".libs/"
| /* end confdefs.h.  */
| #include <ac_nonexistent.h>
configure:12565: result: g++ -E
configure:12585: g++ -E  conftest.cpp
configure:12585: $? = 0
configure:12599: g++ -E  conftest.cpp
conftest.cpp:21:10: fatal error: ac_nonexistent.h: No such file or directory
 #include <ac_nonexistent.h>
          ^~~~~~~~~~~~~~~~~~
compilation terminated.
configure:12599: $? = 1
configure: failed program was:
| /* confdefs.h */
| #define PACKAGE_NAME "pure-thermal-examples"
| #define PACKAGE_TARNAME "pure-thermal-examples"
| #define PACKAGE_VERSION "1.0"
| #define PACKAGE_STRING "pure-thermal-examples 1.0"
| #define PACKAGE_BUGREPORT "labs@groupgets.com"
| #define PACKAGE_URL ""
| #define STDC_HEADERS 1
| #define HAVE_SYS_TYPES_H 1
| #define HAVE_SYS_STAT_H 1
| #define HAVE_STDLIB_H 1
| #define HAVE_STRING_H 1
| #define HAVE_MEMORY_H 1
| #define HAVE_STRINGS_H 1
| #define HAVE_INTTYPES_H 1
| #define HAVE_STDINT_H 1
| #define HAVE_UNISTD_H 1
| #define HAVE_DLFCN_H 1
| #define LT_OBJDIR ".libs/"
| /* end confdefs.h.  */
| #include <ac_nonexistent.h>
configure:12761: checking for ld used by g++
configure:12828: result: /usr/bin/ld -m elf_x86_64
configure:12835: checking if the linker (/usr/bin/ld -m elf_x86_64) is GNU ld
configure:12850: result: yes
configure:12905: checking whether the g++ linker (/usr/bin/ld -m elf_x86_64) supports shared libraries
configure:13978: result: yes
configure:14014: g++ -c -g -O2  conftest.cpp >&5
configure:14017: $? = 0
configure:14498: checking for g++ option to produce PIC
configure:14505: result: -fPIC -DPIC
configure:14513: checking if g++ PIC flag -fPIC -DPIC works
configure:14531: g++ -c -g -O2  -fPIC -DPIC -DPIC conftest.cpp >&5
configure:14535: $? = 0
configure:14548: result: yes
configure:14571: checking if g++ static flag -static works
configure:14599: result: yes
configure:14611: checking if g++ supports -c -o file.o
configure:14632: g++ -c -g -O2  -o out/conftest2.o conftest.cpp >&5
configure:14636: $? = 0
configure:14658: result: yes
configure:14663: checking if g++ supports -c -o file.o
configure:14710: result: yes
configure:14740: checking whether the g++ linker (/usr/bin/ld -m elf_x86_64) supports shared libraries
configure:14783: result: yes
configure:14924: checking dynamic linker characteristics
configure:15681: result: GNU/Linux ld.so
configure:15746: checking how to hardcode library paths into programs
configure:15771: result: immediate
configure:15887: checking for pkg-config
configure:15905: found /usr/bin/pkg-config
configure:15917: result: /usr/bin/pkg-config
configure:15942: checking pkg-config is at least version 0.9.0
configure:15945: result: yes
configure:15955: checking for libv4l2
configure:15962: $PKG_CONFIG --exists --print-errors "libv4l2 >= 0.0.0"
configure:15965: $? = 0
configure:15979: $PKG_CONFIG --exists --print-errors "libv4l2 >= 0.0.0"
configure:15982: $? = 0
configure:16040: result: yes
configure:16046: checking for libv4lconvert
configure:16053: $PKG_CONFIG --exists --print-errors "libv4lconvert >= 0.0.0"
configure:16056: $? = 0
configure:16070: $PKG_CONFIG --exists --print-errors "libv4lconvert >= 0.0.0"
configure:16073: $? = 0
configure:16131: result: yes
configure:16139: checking for ANSI C header files
configure:16243: result: yes
configure:16254: checking for stdint.h
configure:16254: result: yes
configure:16254: checking for stdlib.h
configure:16254: result: yes
configure:16254: checking for string.h
configure:16254: result: yes
configure:16376: checking that generated files are newer than configure
configure:16382: result: done
configure:16409: creating ./config.status

## ---------------------- ##
## Running config.status. ##
## ---------------------- ##

This file was extended by pure-thermal-examples config.status 1.0, which was
generated by GNU Autoconf 2.69.  Invocation command line was

  CONFIG_FILES    = 
  CONFIG_HEADERS  = 
  CONFIG_LINKS    = 
  CONFIG_COMMANDS = 
  $ ./config.status 

on colson-N552VW

config.status:1157: creating Makefile
config.status:1157: creating grab/Makefile
config.status:1157: creating config.h
config.status:1386: executing depfiles commands
config.status:1386: executing libtool commands

## ---------------- ##
## Cache variables. ##
## ---------------- ##

ac_cv_build=x86_64-pc-linux-gnu
ac_cv_c_compiler_gnu=yes
ac_cv_cxx_compiler_gnu=yes
ac_cv_env_CCC_set=
ac_cv_env_CCC_value=
ac_cv_env_CC_set=
ac_cv_env_CC_value=
ac_cv_env_CFLAGS_set=
ac_cv_env_CFLAGS_value=
ac_cv_env_CPPFLAGS_set=
ac_cv_env_CPPFLAGS_value=
ac_cv_env_CPP_set=
ac_cv_env_CPP_value=
ac_cv_env_CXXCPP_set=
ac_cv_env_CXXCPP_value=
ac_cv_env_CXXFLAGS_set=
ac_cv_env_CXXFLAGS_value=
ac_cv_env_CXX_set=
ac_cv_env_CXX_value=
ac_cv_env_LDFLAGS_set=
ac_cv_env_LDFLAGS_value=
ac_cv_env_LIBS_set=
ac_cv_env_LIBS_value=
ac_cv_env_LT_SYS_LIBRARY_PATH_set=
ac_cv_env_LT_SYS_LIBRARY_PATH_value=
ac_cv_env_PKG_CONFIG_LIBDIR_set=
ac_cv_env_PKG_CONFIG_LIBDIR_value=
ac_cv_env_PKG_CONFIG_PATH_set=set
ac_cv_env_PKG_CONFIG_PATH_value=/home/colson/catkin_temp/install/lib/pkgconfig:/home/colson/catkin_ws/devel/lib/pkgconfig:/opt/ros/melodic/lib/pkgconfig
ac_cv_env_PKG_CONFIG_set=
ac_cv_env_PKG_CONFIG_value=
ac_cv_env_build_alias_set=
ac_cv_env_build_alias_value=
ac_cv_env_host_alias_set=
ac_cv_env_host_alias_value=
ac_cv_env_libv4l2_CFLAGS_set=
ac_cv_env_libv4l2_CFLAGS_value=
ac_cv_env_libv4l2_LIBS_set=
ac_cv_env_libv4l2_LIBS_value=
ac_cv_env_libv4lconvert_CFLAGS_set=
ac_cv_env_libv4lconvert_CFLAGS_value=
ac_cv_env_libv4lconvert_LIBS_set=
ac_cv_env_libv4lconvert_LIBS_value=
ac_cv_env_target_alias_set=
ac_cv_env_target_alias_value=
ac_cv_header_dlfcn_h=yes
ac_cv_header_inttypes_h=yes
ac_cv_header_memory_h=yes
ac_cv_header_stdc=yes
ac_cv_header_stdint_h=yes
ac_cv_header_stdlib_h=yes
ac_cv_header_string_h=yes
ac_cv_header_strings_h=yes
ac_cv_header_sys_stat_h=yes
ac_cv_header_sys_types_h=yes
ac_cv_header_unistd_h=yes
ac_cv_host=x86_64-pc-linux-gnu
ac_cv_objext=o
ac_cv_path_EGREP='/bin/grep -E'
ac_cv_path_FGREP='/bin/grep -F'
ac_cv_path_GREP=/bin/grep
ac_cv_path_SED=/bin/sed
ac_cv_path_ac_pt_PKG_CONFIG=/usr/bin/pkg-config
ac_cv_path_install='/usr/bin/install -c'
ac_cv_path_lt_DD=/bin/dd
ac_cv_path_mkdir=/bin/mkdir
ac_cv_prog_AWK=mawk
ac_cv_prog_CPP='gcc -E'
ac_cv_prog_CXXCPP='g++ -E'
ac_cv_prog_ac_ct_AR=ar
ac_cv_prog_ac_ct_CC=gcc
ac_cv_prog_ac_ct_CXX=g++
ac_cv_prog_ac_ct_MANIFEST_TOOL=mt
ac_cv_prog_ac_ct_OBJDUMP=objdump
ac_cv_prog_ac_ct_RANLIB=ranlib
ac_cv_prog_ac_ct_STRIP=strip
ac_cv_prog_cc_c89=
ac_cv_prog_cc_g=yes
ac_cv_prog_cxx_g=yes
ac_cv_prog_make_make_set=yes
am_cv_CC_dependencies_compiler_type=gcc3
am_cv_CXX_dependencies_compiler_type=gcc3
am_cv_make_support_nested_variables=yes
am_cv_prog_cc_c_o=yes
lt_cv_ar_at_file=@
lt_cv_archive_cmds_need_lc=no
lt_cv_deplibs_check_method=pass_all
lt_cv_file_magic_cmd='$MAGIC_CMD'
lt_cv_file_magic_test_file=
lt_cv_ld_reload_flag=-r
lt_cv_nm_interface='BSD nm'
lt_cv_objdir=.libs
lt_cv_path_LD=/usr/bin/ld
lt_cv_path_LDCXX='/usr/bin/ld -m elf_x86_64'
lt_cv_path_NM='/usr/bin/nm -B'
lt_cv_path_mainfest_tool=no
lt_cv_prog_compiler_c_o=yes
lt_cv_prog_compiler_c_o_CXX=yes
lt_cv_prog_compiler_pic='-fPIC -DPIC'
lt_cv_prog_compiler_pic_CXX='-fPIC -DPIC'
lt_cv_prog_compiler_pic_works=yes
lt_cv_prog_compiler_pic_works_CXX=yes
lt_cv_prog_compiler_rtti_exceptions=no
lt_cv_prog_compiler_static_works=yes
lt_cv_prog_compiler_static_works_CXX=yes
lt_cv_prog_gnu_ld=yes
lt_cv_prog_gnu_ldcxx=yes
lt_cv_sharedlib_from_linklib_cmd='printf %s\n'
lt_cv_shlibpath_overrides_runpath=yes
lt_cv_sys_global_symbol_pipe='sed -n -e '\''s/^.*[	 ]\([ABCDGIRSTW][ABCDGIRSTW]*\)[	 ][	 ]*\([_A-Za-z][_A-Za-z0-9]*\)$/\1 \2 \2/p'\'' | sed '\''/ __gnu_lto/d'\'''
lt_cv_sys_global_symbol_to_c_name_address='sed -n -e '\''s/^: \(.*\) .*$/  {"\1", (void *) 0},/p'\'' -e '\''s/^[ABCDGIRSTW][ABCDGIRSTW]* .* \(.*\)$/  {"\1", (void *) \&\1},/p'\'''
lt_cv_sys_global_symbol_to_c_name_address_lib_prefix='sed -n -e '\''s/^: \(.*\) .*$/  {"\1", (void *) 0},/p'\'' -e '\''s/^[ABCDGIRSTW][ABCDGIRSTW]* .* \(lib.*\)$/  {"\1", (void *) \&\1},/p'\'' -e '\''s/^[ABCDGIRSTW][ABCDGIRSTW]* .* \(.*\)$/  {"lib\1", (void *) \&\1},/p'\'''
lt_cv_sys_global_symbol_to_cdecl='sed -n -e '\''s/^T .* \(.*\)$/extern int \1();/p'\'' -e '\''s/^[ABCDGIRSTW][ABCDGIRSTW]* .* \(.*\)$/extern char \1;/p'\'''
lt_cv_sys_global_symbol_to_import=
lt_cv_sys_max_cmd_len=1572864
lt_cv_to_host_file_cmd=func_convert_file_noop
lt_cv_to_tool_file_cmd=func_convert_file_noop
lt_cv_truncate_bin='/bin/dd bs=4096 count=1'
pkg_cv_libv4l2_CFLAGS=
pkg_cv_libv4l2_LIBS=-lv4l2
pkg_cv_libv4lconvert_CFLAGS=
pkg_cv_libv4lconvert_LIBS=-lv4lconvert

## ----------------- ##
## Output variables. ##
## ----------------- ##

ACLOCAL='${SHELL} /home/colson/catkin_ws/src/lepton_camera/v4l2/m4/missing aclocal-1.15'
AMDEPBACKSLASH='\'
AMDEP_FALSE='#'
AMDEP_TRUE=''
AMTAR='$${TAR-tar}'
AM_BACKSLASH='\'
AM_DEFAULT_V='$(AM_DEFAULT_VERBOSITY)'
AM_DEFAULT_VERBOSITY='0'
AM_V='$(V)'
AR='ar'
AUTOCONF='${SHELL} /home/colson/catkin_ws/src/lepton_camera/v4l2/m4/missing autoconf'
AUTOHEADER='${SHELL} /home/colson/catkin_ws/src/lepton_camera/v4l2/m4/missing autoheader'
AUTOMAKE='${SHELL} /home/colson/catkin_ws/src/lepton_camera/v4l2/m4/missing automake-1.15'
AWK='mawk'
CC='gcc'
CCDEPMODE='depmode=gcc3'
CFLAGS='-g -O2'
CPP='gcc -E'
CPPFLAGS=''
CXX='g++'
CXXCPP='g++ -E'
CXXDEPMODE='depmode=gcc3'
CXXFLAGS='-g -O2'
CYGPATH_W='echo'
DEFS='-DHAVE_CONFIG_H'
DEPDIR='.deps'
DLLTOOL='false'
DSYMUTIL=''
DUMPBIN=''
ECHO_C=''
ECHO_N='-n'
ECHO_T=''
EGREP='/bin/grep -E'
EXEEXT=''
FGREP='/bin/grep -F'
GREP='/bin/grep'
INSTALL_DATA='${INSTALL} -m 644'
INSTALL_PROGRAM='${INSTALL}'
INSTALL_SCRIPT='${INSTALL}'
INSTALL_STRIP_PROGRAM='$(install_sh) -c -s'
LD='/usr/bin/ld -m elf_x86_64'
LDFLAGS=''
LIBOBJS=''
LIBS=''
LIBTOOL='$(SHELL) $(top_builddir)/libtool'
LIPO=''
LN_S='ln -s'
LTLIBOBJS=''
LT_SYS_LIBRARY_PATH=''
MAKEINFO='${SHELL} /home/colson/catkin_ws/src/lepton_camera/v4l2/m4/missing makeinfo'
MANIFEST_TOOL=':'
MKDIR_P='/bin/mkdir -p'
NM='/usr/bin/nm -B'
NMEDIT=''
OBJDUMP='objdump'
OBJEXT='o'
OTOOL64=''
OTOOL=''
PACKAGE='pure-thermal-examples'
PACKAGE_BUGREPORT='labs@groupgets.com'
PACKAGE_NAME='pure-thermal-examples'
PACKAGE_STRING='pure-thermal-examples 1.0'
PACKAGE_TARNAME='pure-thermal-examples'
PACKAGE_URL=''
PACKAGE_VERSION='1.0'
PATH_SEPARATOR=':'
PKG_CONFIG='/usr/bin/pkg-config'
PKG_CONFIG_LIBDIR=''
PKG_CONFIG_PATH='/home/colson/catkin_temp/install/lib/pkgconfig:/home/colson/catkin_ws/devel/lib/pkgconfig:/opt/ros/melodic/lib/pkgconfig'
RANLIB='ranlib'
SED='/bin/sed'
SET_MAKE=''
SHELL='/bin/bash'
STRIP='strip'
VERSION='1.0'
ac_ct_AR='ar'
ac_ct_CC='gcc'
ac_ct_CXX='g++'
ac_ct_DUMPBIN=''
am__EXEEXT_FALSE=''
am__EXEEXT_TRUE='#'
am__fastdepCC_FALSE='#'
am__fastdepCC_TRUE=''
am__fastdepCXX_FALSE='#'
am__fastdepCXX_TRUE=''
am__include='include'
am__isrc=''
am__leading_dot='.'
am__nodep='_no'
am__quote=''
am__tar='$${TAR-tar} chof - "$$tardir"'
am__untar='$${TAR-tar} xf -'
bindir='${exec_prefix}/bin'
build='x86_64-pc-linux-gnu'
build_alias=''
build_cpu='x86_64'
build_os='linux-gnu'
build_vendor='pc'
datadir='${datarootdir}'
datarootdir='${prefix}/share'
docdir='${datarootdir}/doc/${PACKAGE_TARNAME}'
dvidir='${docdir}'
exec_prefix='${prefix}'
host='x86_64-pc-linux-gnu'
host_alias=''
host_cpu='x86_64'
host_os='linux-gnu'
host_vendor='pc'
htmldir='${docdir}'
includedir='${prefix}/include'
infodir='${datarootdir}/info'
install_sh='${SHELL} /home/colson/catkin_ws/src/lepton_camera/v4l2/m4/install-sh'
libdir='${exec_prefix}/lib'
libexecdir='${exec_prefix}/libexec'
libv4l2_CFLAGS=''
libv4l2_LIBS='-lv4l2'
libv4lconvert_CFLAGS=''
libv4lconvert_LIBS='-lv4lconvert'
localedir='${datarootdir}/locale'
localstatedir='${prefix}/var'
mandir='${datarootdir}/man'
mkdir_p='$(MKDIR_P)'
oldincludedir='/usr/include'
pdfdir='${docdir}'
prefix='/usr/local'
program_transform_name='s,x,x,'
psdir='${docdir}'
runstatedir='${localstatedir}/run'
sbindir='${exec_prefix}/sbin'
sharedstatedir='${prefix}/com'
sysconfdir='${prefix}/etc'
target_alias=''

## ----------- ##
## confdefs.h. ##
## ----------- ##

/* confdefs.h */
#define PACKAGE_NAME "pure-thermal-examples"
#define PACKAGE_TARNAME "pure-thermal-examples"
#define PACKAGE_VERSION "1.0"
#define PACKAGE_STRING "pure-thermal-examples 1.0"
#define PACKAGE_BUGREPORT "labs@groupgets.com"
#define PACKAGE_URL ""
#define STDC_HEADERS 1
#define HAVE_SYS_TYPES_H 1
#define HAVE_SYS_STAT_H 1
#define HAVE_STDLIB_H 1
#define HAVE_STRING_H 1
#define HAVE_MEMORY_H 1
#define HAVE_STRINGS_H 1
#define HAVE_INTTYPES_H 1
#define HAVE_STDINT_H 1
#define HAVE_UNISTD_H 1
#define HAVE_DLFCN_H 1
#define LT_OBJDIR ".libs/"
#define STDC_HEADERS 1
#define HAVE_STDINT_H 1
#define HAVE_STDLIB_H 1
#define HAVE_STRING_H 1

configure: exit 0
